<?xml version="1.0" encoding="UTF-8"?>
<testsuite name="com.jojoldu.book.springboot.web.IndexControllerTest" tests="1" skipped="0" failures="0" errors="0" timestamp="2022-03-15T14:51:18" hostname="Unitedui-MacBookPro.local" time="0.097">
  <properties/>
  <testcase name="mainPageLoading" classname="com.jojoldu.book.springboot.web.IndexControllerTest" time="0.097"/>
  <system-out><![CDATA[2022-03-15 23:51:18.603  INFO 3517 --- [    Test worker] .b.t.c.SpringBootTestContextBootstrapper : Neither @ContextConfiguration nor @ContextHierarchy found for test class [com.jojoldu.book.springboot.web.IndexControllerTest], using SpringBootContextLoader
2022-03-15 23:51:18.604  INFO 3517 --- [    Test worker] o.s.t.c.support.AbstractContextLoader    : Could not detect default resource locations for test class [com.jojoldu.book.springboot.web.IndexControllerTest]: no resource found for suffixes {-context.xml, Context.groovy}.
2022-03-15 23:51:18.604  INFO 3517 --- [    Test worker] t.c.s.AnnotationConfigContextLoaderUtils : Could not detect default configuration classes for test class [com.jojoldu.book.springboot.web.IndexControllerTest]: IndexControllerTest does not declare any static, non-private, non-final, nested classes annotated with @Configuration.
2022-03-15 23:51:18.604  INFO 3517 --- [    Test worker] .b.t.c.SpringBootTestContextBootstrapper : Found @SpringBootConfiguration com.jojoldu.book.springboot.Application for test class com.jojoldu.book.springboot.web.IndexControllerTest
2022-03-15 23:51:18.604  INFO 3517 --- [    Test worker] .b.t.c.SpringBootTestContextBootstrapper : Loaded default TestExecutionListener class names from location [META-INF/spring.factories]: [org.springframework.security.test.context.support.WithSecurityContextTestExecutionListener, org.springframework.security.test.context.support.ReactorContextTestExecutionListener, org.springframework.boot.test.autoconfigure.restdocs.RestDocsTestExecutionListener, org.springframework.boot.test.autoconfigure.web.client.MockRestServiceServerResetTestExecutionListener, org.springframework.boot.test.autoconfigure.web.servlet.MockMvcPrintOnlyOnFailureTestExecutionListener, org.springframework.boot.test.autoconfigure.web.servlet.WebDriverTestExecutionListener, org.springframework.boot.test.mock.mockito.MockitoTestExecutionListener, org.springframework.boot.test.mock.mockito.ResetMocksTestExecutionListener, org.springframework.test.context.web.ServletTestExecutionListener, org.springframework.test.context.support.DirtiesContextBeforeModesTestExecutionListener, org.springframework.test.context.support.DependencyInjectionTestExecutionListener, org.springframework.test.context.support.DirtiesContextTestExecutionListener, org.springframework.test.context.transaction.TransactionalTestExecutionListener, org.springframework.test.context.jdbc.SqlScriptsTestExecutionListener]
2022-03-15 23:51:18.605  INFO 3517 --- [    Test worker] .b.t.c.SpringBootTestContextBootstrapper : Using TestExecutionListeners: [org.springframework.test.context.web.ServletTestExecutionListener@3978728b, org.springframework.test.context.support.DirtiesContextBeforeModesTestExecutionListener@566ed8a6, org.springframework.boot.test.mock.mockito.MockitoTestExecutionListener@302a8044, org.springframework.boot.test.autoconfigure.SpringBootDependencyInjectionTestExecutionListener@2726ea5b, org.springframework.test.context.support.DirtiesContextTestExecutionListener@5db0281e, org.springframework.test.context.transaction.TransactionalTestExecutionListener@7dbb60e6, org.springframework.test.context.jdbc.SqlScriptsTestExecutionListener@1977f7b5, org.springframework.security.test.context.support.WithSecurityContextTestExecutionListener@913b2f2, org.springframework.security.test.context.support.ReactorContextTestExecutionListener@553f9b16, org.springframework.boot.test.autoconfigure.restdocs.RestDocsTestExecutionListener@73a56d07, org.springframework.boot.test.autoconfigure.web.client.MockRestServiceServerResetTestExecutionListener@55c9e699, org.springframework.boot.test.autoconfigure.web.servlet.MockMvcPrintOnlyOnFailureTestExecutionListener@41d94af0, org.springframework.boot.test.autoconfigure.web.servlet.WebDriverTestExecutionListener@68179ef6, org.springframework.boot.test.mock.mockito.ResetMocksTestExecutionListener@30021ba6]
2022-03-15 23:51:18.665  INFO 3517 --- [o-auto-1-exec-1] o.s.web.servlet.DispatcherServlet        : Initializing Servlet 'dispatcherServlet'
2022-03-15 23:51:18.666  INFO 3517 --- [o-auto-1-exec-1] o.s.web.servlet.DispatcherServlet        : Completed initialization in 1 ms
Hibernate: select posts0_.id as id1_0_, posts0_.create_date as create_d2_0_, posts0_.modified_date as modified3_0_, posts0_.author as author4_0_, posts0_.content as content5_0_, posts0_.title as title6_0_ from posts posts0_ order by posts0_.id DESC
]]></system-out>
  <system-err><![CDATA[]]></system-err>
</testsuite>
