<?xml version="1.0" encoding="UTF-8"?>
<testsuite name="com.jojoldu.book.springboot.domain.posts.PostsRepositoryTest" tests="2" skipped="0" failures="0" errors="0" timestamp="2022-03-13T10:35:37" hostname="Unitedui-MacBookPro.local" time="0.012">
  <properties/>
  <testcase name="BaseTimeEntity_Enrollment" classname="com.jojoldu.book.springboot.domain.posts.PostsRepositoryTest" time="0.009"/>
  <testcase name="boardSave_load" classname="com.jojoldu.book.springboot.domain.posts.PostsRepositoryTest" time="0.003"/>
  <system-out><![CDATA[2022-03-13 19:35:37.245  INFO 5476 --- [    Test worker] .b.t.c.SpringBootTestContextBootstrapper : Neither @ContextConfiguration nor @ContextHierarchy found for test class [com.jojoldu.book.springboot.domain.posts.PostsRepositoryTest], using SpringBootContextLoader
2022-03-13 19:35:37.245  INFO 5476 --- [    Test worker] o.s.t.c.support.AbstractContextLoader    : Could not detect default resource locations for test class [com.jojoldu.book.springboot.domain.posts.PostsRepositoryTest]: no resource found for suffixes {-context.xml, Context.groovy}.
2022-03-13 19:35:37.245  INFO 5476 --- [    Test worker] t.c.s.AnnotationConfigContextLoaderUtils : Could not detect default configuration classes for test class [com.jojoldu.book.springboot.domain.posts.PostsRepositoryTest]: PostsRepositoryTest does not declare any static, non-private, non-final, nested classes annotated with @Configuration.
2022-03-13 19:35:37.248  INFO 5476 --- [    Test worker] .b.t.c.SpringBootTestContextBootstrapper : Found @SpringBootConfiguration com.jojoldu.book.springboot.Application for test class com.jojoldu.book.springboot.domain.posts.PostsRepositoryTest
2022-03-13 19:35:37.249  INFO 5476 --- [    Test worker] .b.t.c.SpringBootTestContextBootstrapper : Loaded default TestExecutionListener class names from location [META-INF/spring.factories]: [org.springframework.boot.test.autoconfigure.restdocs.RestDocsTestExecutionListener, org.springframework.boot.test.autoconfigure.web.client.MockRestServiceServerResetTestExecutionListener, org.springframework.boot.test.autoconfigure.web.servlet.MockMvcPrintOnlyOnFailureTestExecutionListener, org.springframework.boot.test.autoconfigure.web.servlet.WebDriverTestExecutionListener, org.springframework.boot.test.mock.mockito.MockitoTestExecutionListener, org.springframework.boot.test.mock.mockito.ResetMocksTestExecutionListener, org.springframework.test.context.web.ServletTestExecutionListener, org.springframework.test.context.support.DirtiesContextBeforeModesTestExecutionListener, org.springframework.test.context.support.DependencyInjectionTestExecutionListener, org.springframework.test.context.support.DirtiesContextTestExecutionListener, org.springframework.test.context.transaction.TransactionalTestExecutionListener, org.springframework.test.context.jdbc.SqlScriptsTestExecutionListener]
2022-03-13 19:35:37.249  INFO 5476 --- [    Test worker] .b.t.c.SpringBootTestContextBootstrapper : Using TestExecutionListeners: [org.springframework.test.context.web.ServletTestExecutionListener@5c8cd3d8, org.springframework.test.context.support.DirtiesContextBeforeModesTestExecutionListener@699781c7, org.springframework.boot.test.mock.mockito.MockitoTestExecutionListener@78b7dec2, org.springframework.boot.test.autoconfigure.SpringBootDependencyInjectionTestExecutionListener@576ce862, org.springframework.test.context.support.DirtiesContextTestExecutionListener@6dc4e344, org.springframework.test.context.transaction.TransactionalTestExecutionListener@3888de82, org.springframework.test.context.jdbc.SqlScriptsTestExecutionListener@7e0f569f, org.springframework.boot.test.autoconfigure.restdocs.RestDocsTestExecutionListener@4e109ec4, org.springframework.boot.test.autoconfigure.web.client.MockRestServiceServerResetTestExecutionListener@4049a81, org.springframework.boot.test.autoconfigure.web.servlet.MockMvcPrintOnlyOnFailureTestExecutionListener@7a06284d, org.springframework.boot.test.autoconfigure.web.servlet.WebDriverTestExecutionListener@7e39323c, org.springframework.boot.test.mock.mockito.ResetMocksTestExecutionListener@34957581]

  .   ____          _            __ _ _
 /\\ / ___'_ __ _ _(_)_ __  __ _ \ \ \ \
( ( )\___ | '_ | '_| | '_ \/ _` | \ \ \ \
 \\/  ___)| |_)| | | | | || (_| |  ) ) ) )
  '  |____| .__|_| |_|_| |_\__, | / / / /
 =========|_|==============|___/=/_/_/_/
 :: Spring Boot ::        (v2.1.7.RELEASE)

2022-03-13 19:35:37.260  INFO 5476 --- [    Test worker] c.j.b.s.d.posts.PostsRepositoryTest      : Starting PostsRepositoryTest on Unitedui-MacBookPro.local with PID 5476 (started by u.t.r in /Users/u.t.r/IdeaProjects/freelec-springboot2-webservice)
2022-03-13 19:35:37.260  INFO 5476 --- [    Test worker] c.j.b.s.d.posts.PostsRepositoryTest      : The following profiles are active: oauth
2022-03-13 19:35:37.348  INFO 5476 --- [    Test worker] .s.d.r.c.RepositoryConfigurationDelegate : Bootstrapping Spring Data repositories in DEFAULT mode.
2022-03-13 19:35:37.357  INFO 5476 --- [    Test worker] .s.d.r.c.RepositoryConfigurationDelegate : Finished Spring Data repository scanning in 9ms. Found 2 repository interfaces.
2022-03-13 19:35:37.408  INFO 5476 --- [    Test worker] trationDelegate$BeanPostProcessorChecker : Bean 'org.springframework.transaction.annotation.ProxyTransactionManagementConfiguration' of type [org.springframework.transaction.annotation.ProxyTransactionManagementConfiguration$$EnhancerBySpringCGLIB$$7dd881e5] is not eligible for getting processed by all BeanPostProcessors (for example: not eligible for auto-proxying)
2022-03-13 19:35:37.438  INFO 5476 --- [    Test worker] com.zaxxer.hikari.HikariDataSource       : HikariPool-2 - Starting...
2022-03-13 19:35:37.439  INFO 5476 --- [    Test worker] com.zaxxer.hikari.HikariDataSource       : HikariPool-2 - Start completed.
2022-03-13 19:35:37.447  INFO 5476 --- [    Test worker] o.hibernate.jpa.internal.util.LogHelper  : HHH000204: Processing PersistenceUnitInfo [
	name: default
	...]
2022-03-13 19:35:37.450  INFO 5476 --- [    Test worker] org.hibernate.dialect.Dialect            : HHH000400: Using dialect: org.hibernate.dialect.MySQL5InnoDBDialect
Hibernate: drop table if exists posts
Hibernate: drop table if exists user
Hibernate: create table posts (id bigint not null auto_increment, create_date datetime, modified_date datetime, author varchar(255), content TEXT not null, title varchar(500) not null, primary key (id)) engine=InnoDB
Hibernate: create table user (id bigint not null auto_increment, create_date datetime, modified_date datetime, email varchar(255) not null, name varchar(255) not null, picture varchar(255), role varchar(255) not null, primary key (id)) engine=InnoDB
2022-03-13 19:35:37.484  INFO 5476 --- [    Test worker] o.h.t.schema.internal.SchemaCreatorImpl  : HHH000476: Executing import script 'org.hibernate.tool.schema.internal.exec.ScriptSourceInputNonExistentImpl@6f8a2bf7'
2022-03-13 19:35:37.484  INFO 5476 --- [    Test worker] j.LocalContainerEntityManagerFactoryBean : Initialized JPA EntityManagerFactory for persistence unit 'default'
2022-03-13 19:35:37.555  INFO 5476 --- [    Test worker] o.h.h.i.QueryTranslatorFactoryInitiator  : HHH000397: Using ASTQueryTranslatorFactory
2022-03-13 19:35:37.606  INFO 5476 --- [    Test worker] o.s.s.web.DefaultSecurityFilterChain     : Creating filter chain: any request, [org.springframework.security.web.context.request.async.WebAsyncManagerIntegrationFilter@2c79b4fa, org.springframework.security.web.context.SecurityContextPersistenceFilter@7490cc21, org.springframework.security.web.header.HeaderWriterFilter@7643a81b, org.springframework.security.web.authentication.logout.LogoutFilter@67a12fe4, org.springframework.security.oauth2.client.web.OAuth2AuthorizationRequestRedirectFilter@145407bc, org.springframework.security.oauth2.client.web.OAuth2LoginAuthenticationFilter@79d6735b, org.springframework.security.web.authentication.ui.DefaultLoginPageGeneratingFilter@15a218b5, org.springframework.security.web.authentication.ui.DefaultLogoutPageGeneratingFilter@49a460d9, org.springframework.security.web.savedrequest.RequestCacheAwareFilter@42f32209, org.springframework.security.web.servletapi.SecurityContextHolderAwareRequestFilter@291b593c, org.springframework.security.web.authentication.AnonymousAuthenticationFilter@7d79e7b6, org.springframework.security.web.session.SessionManagementFilter@684a89fb, org.springframework.security.web.access.ExceptionTranslationFilter@583dcd0f, org.springframework.security.web.access.intercept.FilterSecurityInterceptor@57b641c5]
2022-03-13 19:35:37.714  INFO 5476 --- [    Test worker] o.s.s.concurrent.ThreadPoolTaskExecutor  : Initializing ExecutorService 'applicationTaskExecutor'
2022-03-13 19:35:37.720  WARN 5476 --- [    Test worker] aWebConfiguration$JpaWebMvcConfiguration : spring.jpa.open-in-view is enabled by default. Therefore, database queries may be performed during view rendering. Explicitly configure spring.jpa.open-in-view to disable this warning
2022-03-13 19:35:37.730  INFO 5476 --- [    Test worker] o.s.b.a.w.s.WelcomePageHandlerMapping    : Adding welcome page template: index
2022-03-13 19:35:37.852  INFO 5476 --- [    Test worker] s.a.ScheduledAnnotationBeanPostProcessor : No TaskScheduler/ScheduledExecutorService bean found for scheduled processing
2022-03-13 19:35:37.855  INFO 5476 --- [    Test worker] c.j.b.s.d.posts.PostsRepositoryTest      : Started PostsRepositoryTest in 0.605 seconds (JVM running for 4.435)
Hibernate: insert into posts (create_date, modified_date, author, content, title) values (?, ?, ?, ?, ?)
Hibernate: select posts0_.id as id1_0_, posts0_.create_date as create_d2_0_, posts0_.modified_date as modified3_0_, posts0_.author as author4_0_, posts0_.content as content5_0_, posts0_.title as title6_0_ from posts posts0_
>>>>>>>>> createDate = 2022-03-13T19:35:37.863   modifiedDate = 2022-03-13T19:35:37.863
Hibernate: select posts0_.id as id1_0_, posts0_.create_date as create_d2_0_, posts0_.modified_date as modified3_0_, posts0_.author as author4_0_, posts0_.content as content5_0_, posts0_.title as title6_0_ from posts posts0_
Hibernate: delete from posts where id=?
Hibernate: insert into posts (create_date, modified_date, author, content, title) values (?, ?, ?, ?, ?)
Hibernate: select posts0_.id as id1_0_, posts0_.create_date as create_d2_0_, posts0_.modified_date as modified3_0_, posts0_.author as author4_0_, posts0_.content as content5_0_, posts0_.title as title6_0_ from posts posts0_
Hibernate: select posts0_.id as id1_0_, posts0_.create_date as create_d2_0_, posts0_.modified_date as modified3_0_, posts0_.author as author4_0_, posts0_.content as content5_0_, posts0_.title as title6_0_ from posts posts0_
Hibernate: delete from posts where id=?
]]></system-out>
  <system-err><![CDATA[]]></system-err>
</testsuite>
