<?xml version="1.0" encoding="UTF-8"?>
<testsuite name="com.jojoldu.book.springboot.web.HelloControllerTest" tests="1" skipped="0" failures="0" errors="0" timestamp="2022-01-03T14:35:53" hostname="DESKTOP-UV1O195" time="0.275">
  <properties/>
  <testcase name="helloIsReturn" classname="com.jojoldu.book.springboot.web.HelloControllerTest" time="0.275"/>
  <system-out><![CDATA[23:35:51.487 [Test worker] DEBUG org.springframework.test.context.junit4.SpringJUnit4ClassRunner - SpringJUnit4ClassRunner constructor called with [class com.jojoldu.book.springboot.web.HelloControllerTest]
23:35:51.495 [Test worker] DEBUG org.springframework.test.context.BootstrapUtils - Instantiating CacheAwareContextLoaderDelegate from class [org.springframework.test.context.cache.DefaultCacheAwareContextLoaderDelegate]
23:35:51.504 [Test worker] DEBUG org.springframework.test.context.BootstrapUtils - Instantiating BootstrapContext using constructor [public org.springframework.test.context.support.DefaultBootstrapContext(java.lang.Class,org.springframework.test.context.CacheAwareContextLoaderDelegate)]
23:35:51.522 [Test worker] DEBUG org.springframework.test.context.BootstrapUtils - Instantiating TestContextBootstrapper for test class [com.jojoldu.book.springboot.web.HelloControllerTest] from class [org.springframework.boot.test.autoconfigure.web.servlet.WebMvcTestContextBootstrapper]
23:35:51.543 [Test worker] INFO org.springframework.boot.test.autoconfigure.web.servlet.WebMvcTestContextBootstrapper - Neither @ContextConfiguration nor @ContextHierarchy found for test class [com.jojoldu.book.springboot.web.HelloControllerTest], using SpringBootContextLoader
23:35:51.547 [Test worker] DEBUG org.springframework.test.context.support.AbstractContextLoader - Did not detect default resource location for test class [com.jojoldu.book.springboot.web.HelloControllerTest]: class path resource [com/jojoldu/book/springboot/web/HelloControllerTest-context.xml] does not exist
23:35:51.548 [Test worker] DEBUG org.springframework.test.context.support.AbstractContextLoader - Did not detect default resource location for test class [com.jojoldu.book.springboot.web.HelloControllerTest]: class path resource [com/jojoldu/book/springboot/web/HelloControllerTestContext.groovy] does not exist
23:35:51.548 [Test worker] INFO org.springframework.test.context.support.AbstractContextLoader - Could not detect default resource locations for test class [com.jojoldu.book.springboot.web.HelloControllerTest]: no resource found for suffixes {-context.xml, Context.groovy}.
23:35:51.549 [Test worker] INFO org.springframework.test.context.support.AnnotationConfigContextLoaderUtils - Could not detect default configuration classes for test class [com.jojoldu.book.springboot.web.HelloControllerTest]: HelloControllerTest does not declare any static, non-private, non-final, nested classes annotated with @Configuration.
23:35:51.616 [Test worker] DEBUG org.springframework.test.context.support.ActiveProfilesUtils - Could not find an 'annotation declaring class' for annotation type [org.springframework.test.context.ActiveProfiles] and class [com.jojoldu.book.springboot.web.HelloControllerTest]
23:35:51.686 [Test worker] DEBUG org.springframework.context.annotation.ClassPathScanningCandidateComponentProvider - Identified candidate component class: file [C:\Users\utr16\OneDrive\PRO\IntelliJ\build\classes\java\main\com\jojoldu\book\springboot\Application.class]
23:35:51.687 [Test worker] INFO org.springframework.boot.test.context.SpringBootTestContextBootstrapper - Found @SpringBootConfiguration com.jojoldu.book.springboot.Application for test class com.jojoldu.book.springboot.web.HelloControllerTest
23:35:51.689 [Test worker] DEBUG org.springframework.boot.test.autoconfigure.web.servlet.WebMvcTestContextBootstrapper - @TestExecutionListeners is not present for class [com.jojoldu.book.springboot.web.HelloControllerTest]: using defaults.
23:35:51.690 [Test worker] INFO org.springframework.boot.test.autoconfigure.web.servlet.WebMvcTestContextBootstrapper - Loaded default TestExecutionListener class names from location [META-INF/spring.factories]: [org.springframework.boot.test.autoconfigure.restdocs.RestDocsTestExecutionListener, org.springframework.boot.test.autoconfigure.web.client.MockRestServiceServerResetTestExecutionListener, org.springframework.boot.test.autoconfigure.web.servlet.MockMvcPrintOnlyOnFailureTestExecutionListener, org.springframework.boot.test.autoconfigure.web.servlet.WebDriverTestExecutionListener, org.springframework.boot.test.mock.mockito.MockitoTestExecutionListener, org.springframework.boot.test.mock.mockito.ResetMocksTestExecutionListener, org.springframework.test.context.web.ServletTestExecutionListener, org.springframework.test.context.support.DirtiesContextBeforeModesTestExecutionListener, org.springframework.test.context.support.DependencyInjectionTestExecutionListener, org.springframework.test.context.support.DirtiesContextTestExecutionListener, org.springframework.test.context.transaction.TransactionalTestExecutionListener, org.springframework.test.context.jdbc.SqlScriptsTestExecutionListener]
23:35:51.701 [Test worker] DEBUG org.springframework.boot.test.autoconfigure.web.servlet.WebMvcTestContextBootstrapper - Skipping candidate TestExecutionListener [org.springframework.test.context.transaction.TransactionalTestExecutionListener] due to a missing dependency. Specify custom listener classes or make the default listener classes and their required dependencies available. Offending class: [org/springframework/transaction/interceptor/TransactionAttributeSource]
23:35:51.702 [Test worker] DEBUG org.springframework.boot.test.autoconfigure.web.servlet.WebMvcTestContextBootstrapper - Skipping candidate TestExecutionListener [org.springframework.test.context.jdbc.SqlScriptsTestExecutionListener] due to a missing dependency. Specify custom listener classes or make the default listener classes and their required dependencies available. Offending class: [org/springframework/transaction/interceptor/TransactionAttribute]
23:35:51.702 [Test worker] INFO org.springframework.boot.test.autoconfigure.web.servlet.WebMvcTestContextBootstrapper - Using TestExecutionListeners: [org.springframework.test.context.web.ServletTestExecutionListener@60778f18, org.springframework.test.context.support.DirtiesContextBeforeModesTestExecutionListener@5331dd48, org.springframework.boot.test.mock.mockito.MockitoTestExecutionListener@7b1966c5, org.springframework.boot.test.autoconfigure.SpringBootDependencyInjectionTestExecutionListener@1fb7f493, org.springframework.test.context.support.DirtiesContextTestExecutionListener@4364b732, org.springframework.boot.test.autoconfigure.restdocs.RestDocsTestExecutionListener@1ee2e98b, org.springframework.boot.test.autoconfigure.web.client.MockRestServiceServerResetTestExecutionListener@2e7d9bdc, org.springframework.boot.test.autoconfigure.web.servlet.MockMvcPrintOnlyOnFailureTestExecutionListener@ecee1ec, org.springframework.boot.test.autoconfigure.web.servlet.WebDriverTestExecutionListener@68f50a20, org.springframework.boot.test.mock.mockito.ResetMocksTestExecutionListener@61d21804]
23:35:51.706 [Test worker] DEBUG org.springframework.test.annotation.ProfileValueUtils - Retrieved @ProfileValueSourceConfiguration [null] for test class [com.jojoldu.book.springboot.web.HelloControllerTest]
23:35:51.707 [Test worker] DEBUG org.springframework.test.annotation.ProfileValueUtils - Retrieved ProfileValueSource type [class org.springframework.test.annotation.SystemProfileValueSource] for class [com.jojoldu.book.springboot.web.HelloControllerTest]
23:35:51.710 [Test worker] DEBUG org.springframework.test.annotation.ProfileValueUtils - Retrieved @ProfileValueSourceConfiguration [null] for test class [com.jojoldu.book.springboot.web.HelloControllerTest]
23:35:51.710 [Test worker] DEBUG org.springframework.test.annotation.ProfileValueUtils - Retrieved ProfileValueSource type [class org.springframework.test.annotation.SystemProfileValueSource] for class [com.jojoldu.book.springboot.web.HelloControllerTest]
23:35:51.711 [Test worker] DEBUG org.springframework.test.annotation.ProfileValueUtils - Retrieved @ProfileValueSourceConfiguration [null] for test class [com.jojoldu.book.springboot.web.HelloControllerTest]
23:35:51.711 [Test worker] DEBUG org.springframework.test.annotation.ProfileValueUtils - Retrieved ProfileValueSource type [class org.springframework.test.annotation.SystemProfileValueSource] for class [com.jojoldu.book.springboot.web.HelloControllerTest]
23:35:51.715 [Test worker] DEBUG org.springframework.test.context.support.AbstractDirtiesContextTestExecutionListener - Before test class: context [DefaultTestContext@715b80ff testClass = HelloControllerTest, testInstance = [null], testMethod = [null], testException = [null], mergedContextConfiguration = [WebMergedContextConfiguration@36e700cb testClass = HelloControllerTest, locations = '{}', classes = '{class com.jojoldu.book.springboot.Application}', contextInitializerClasses = '[]', activeProfiles = '{}', propertySourceLocations = '{}', propertySourceProperties = '{org.springframework.boot.test.autoconfigure.web.servlet.WebMvcTestContextBootstrapper=true}', contextCustomizers = set[org.springframework.boot.test.autoconfigure.OverrideAutoConfigurationContextCustomizerFactory$DisableAutoConfigurationContextCustomizer@357ca99f, org.springframework.boot.test.autoconfigure.filter.TypeExcludeFiltersContextCustomizer@a5804fa, org.springframework.boot.test.autoconfigure.properties.PropertyMappingContextCustomizer@9fdbb94b, org.springframework.boot.test.autoconfigure.web.servlet.WebDriverContextCustomizerFactory$Customizer@1f093120, [ImportsContextCustomizer@1e69211e key = [org.springframework.boot.autoconfigure.cache.CacheAutoConfiguration, org.springframework.boot.autoconfigure.context.MessageSourceAutoConfiguration, org.springframework.boot.autoconfigure.data.web.SpringDataWebAutoConfiguration, org.springframework.boot.autoconfigure.freemarker.FreeMarkerAutoConfiguration, org.springframework.boot.autoconfigure.groovy.template.GroovyTemplateAutoConfiguration, org.springframework.boot.autoconfigure.gson.GsonAutoConfiguration, org.springframework.boot.autoconfigure.hateoas.HypermediaAutoConfiguration, org.springframework.boot.autoconfigure.http.HttpMessageConvertersAutoConfiguration, org.springframework.boot.autoconfigure.jackson.JacksonAutoConfiguration, org.springframework.boot.autoconfigure.jsonb.JsonbAutoConfiguration, org.springframework.boot.autoconfigure.mustache.MustacheAutoConfiguration, org.springframework.boot.autoconfigure.task.TaskExecutionAutoConfiguration, org.springframework.boot.autoconfigure.thymeleaf.ThymeleafAutoConfiguration, org.springframework.boot.autoconfigure.validation.ValidationAutoConfiguration, org.springframework.boot.autoconfigure.web.servlet.error.ErrorMvcAutoConfiguration, org.springframework.boot.autoconfigure.web.servlet.WebMvcAutoConfiguration, org.springframework.boot.test.autoconfigure.web.servlet.MockMvcAutoConfiguration, org.springframework.boot.test.autoconfigure.web.servlet.MockMvcSecurityAutoConfiguration, org.springframework.boot.test.autoconfigure.web.servlet.MockMvcWebClientAutoConfiguration, org.springframework.boot.test.autoconfigure.web.servlet.MockMvcWebDriverAutoConfiguration]], org.springframework.boot.test.context.filter.ExcludeFilterContextCustomizer@47f3b8a6, org.springframework.boot.test.json.DuplicateJsonObjectContextCustomizerFactory$DuplicateJsonObjectContextCustomizer@caf0b02, org.springframework.boot.test.mock.mockito.MockitoContextCustomizer@0], resourceBasePath = 'src/main/webapp', contextLoader = 'org.springframework.boot.test.context.SpringBootContextLoader', parent = [null]], attributes = map[[empty]]], class annotated with @DirtiesContext [false] with mode [null].
23:35:51.716 [Test worker] DEBUG org.springframework.test.annotation.ProfileValueUtils - Retrieved @ProfileValueSourceConfiguration [null] for test class [com.jojoldu.book.springboot.web.HelloControllerTest]
23:35:51.716 [Test worker] DEBUG org.springframework.test.annotation.ProfileValueUtils - Retrieved ProfileValueSource type [class org.springframework.test.annotation.SystemProfileValueSource] for class [com.jojoldu.book.springboot.web.HelloControllerTest]
23:35:51.721 [Test worker] DEBUG org.springframework.test.context.support.DependencyInjectionTestExecutionListener - Performing dependency injection for test context [[DefaultTestContext@715b80ff testClass = HelloControllerTest, testInstance = com.jojoldu.book.springboot.web.HelloControllerTest@5e075b11, testMethod = [null], testException = [null], mergedContextConfiguration = [WebMergedContextConfiguration@36e700cb testClass = HelloControllerTest, locations = '{}', classes = '{class com.jojoldu.book.springboot.Application}', contextInitializerClasses = '[]', activeProfiles = '{}', propertySourceLocations = '{}', propertySourceProperties = '{org.springframework.boot.test.autoconfigure.web.servlet.WebMvcTestContextBootstrapper=true}', contextCustomizers = set[org.springframework.boot.test.autoconfigure.OverrideAutoConfigurationContextCustomizerFactory$DisableAutoConfigurationContextCustomizer@357ca99f, org.springframework.boot.test.autoconfigure.filter.TypeExcludeFiltersContextCustomizer@a5804fa, org.springframework.boot.test.autoconfigure.properties.PropertyMappingContextCustomizer@9fdbb94b, org.springframework.boot.test.autoconfigure.web.servlet.WebDriverContextCustomizerFactory$Customizer@1f093120, [ImportsContextCustomizer@1e69211e key = [org.springframework.boot.autoconfigure.cache.CacheAutoConfiguration, org.springframework.boot.autoconfigure.context.MessageSourceAutoConfiguration, org.springframework.boot.autoconfigure.data.web.SpringDataWebAutoConfiguration, org.springframework.boot.autoconfigure.freemarker.FreeMarkerAutoConfiguration, org.springframework.boot.autoconfigure.groovy.template.GroovyTemplateAutoConfiguration, org.springframework.boot.autoconfigure.gson.GsonAutoConfiguration, org.springframework.boot.autoconfigure.hateoas.HypermediaAutoConfiguration, org.springframework.boot.autoconfigure.http.HttpMessageConvertersAutoConfiguration, org.springframework.boot.autoconfigure.jackson.JacksonAutoConfiguration, org.springframework.boot.autoconfigure.jsonb.JsonbAutoConfiguration, org.springframework.boot.autoconfigure.mustache.MustacheAutoConfiguration, org.springframework.boot.autoconfigure.task.TaskExecutionAutoConfiguration, org.springframework.boot.autoconfigure.thymeleaf.ThymeleafAutoConfiguration, org.springframework.boot.autoconfigure.validation.ValidationAutoConfiguration, org.springframework.boot.autoconfigure.web.servlet.error.ErrorMvcAutoConfiguration, org.springframework.boot.autoconfigure.web.servlet.WebMvcAutoConfiguration, org.springframework.boot.test.autoconfigure.web.servlet.MockMvcAutoConfiguration, org.springframework.boot.test.autoconfigure.web.servlet.MockMvcSecurityAutoConfiguration, org.springframework.boot.test.autoconfigure.web.servlet.MockMvcWebClientAutoConfiguration, org.springframework.boot.test.autoconfigure.web.servlet.MockMvcWebDriverAutoConfiguration]], org.springframework.boot.test.context.filter.ExcludeFilterContextCustomizer@47f3b8a6, org.springframework.boot.test.json.DuplicateJsonObjectContextCustomizerFactory$DuplicateJsonObjectContextCustomizer@caf0b02, org.springframework.boot.test.mock.mockito.MockitoContextCustomizer@0], resourceBasePath = 'src/main/webapp', contextLoader = 'org.springframework.boot.test.context.SpringBootContextLoader', parent = [null]], attributes = map[[empty]]]].
23:35:51.847 [Test worker] DEBUG org.springframework.test.context.support.TestPropertySourceUtils - Adding inlined properties to environment: {spring.jmx.enabled=false, org.springframework.boot.test.autoconfigure.web.servlet.WebMvcTestContextBootstrapper=true, server.port=-1}

  .   ____          _            __ _ _
 /\\ / ___'_ __ _ _(_)_ __  __ _ \ \ \ \
( ( )\___ | '_ | '_| | '_ \/ _` | \ \ \ \
 \\/  ___)| |_)| | | | | || (_| |  ) ) ) )
  '  |____| .__|_| |_|_| |_\__, | / / / /
 =========|_|==============|___/=/_/_/_/
 :: Spring Boot ::        (v2.1.7.RELEASE)

2022-01-03 23:35:52.113  INFO 13556 --- [    Test worker] c.j.b.s.web.HelloControllerTest          : Starting HelloControllerTest on DESKTOP-UV1O195 with PID 13556 (started by utr16 in C:\Users\utr16\OneDrive\PRO\IntelliJ)
2022-01-03 23:35:52.116  INFO 13556 --- [    Test worker] c.j.b.s.web.HelloControllerTest          : No active profile set, falling back to default profiles: default
2022-01-03 23:35:53.191  INFO 13556 --- [    Test worker] o.s.s.concurrent.ThreadPoolTaskExecutor  : Initializing ExecutorService 'applicationTaskExecutor'
2022-01-03 23:35:53.425  INFO 13556 --- [    Test worker] o.s.b.t.m.w.SpringBootMockServletContext : Initializing Spring TestDispatcherServlet ''
2022-01-03 23:35:53.425  INFO 13556 --- [    Test worker] o.s.t.web.servlet.TestDispatcherServlet  : Initializing Servlet ''
2022-01-03 23:35:53.441  INFO 13556 --- [    Test worker] o.s.t.web.servlet.TestDispatcherServlet  : Completed initialization in 16 ms
2022-01-03 23:35:53.479  INFO 13556 --- [    Test worker] c.j.b.s.web.HelloControllerTest          : Started HelloControllerTest in 1.623 seconds (JVM running for 2.508)
]]></system-out>
  <system-err><![CDATA[]]></system-err>
</testsuite>
