<?xml version="1.0" encoding="UTF-8"?>
<testsuite name="com.jojoldu.book.springboot.web.dto.HelloResponseDtoTest" tests="1" skipped="0" failures="0" errors="0" timestamp="2022-01-12T11:41:26" hostname="DESKTOP-UV1O195" time="0.044">
  <properties/>
  <testcase name="lombok_action_test" classname="com.jojoldu.book.springboot.web.dto.HelloResponseDtoTest" time="0.044"/>
  <system-out><![CDATA[]]></system-out>
  <system-err><![CDATA[]]></system-err>
</testsuite>
