<?xml version="1.0" encoding="UTF-8"?>
<testsuite name="com.jojoldu.book.springboot.domain.posts.PostsRepositoryTest" tests="2" skipped="0" failures="0" errors="0" timestamp="2022-04-11T12:09:47" hostname="Unitedui-MacBookPro.local" time="0.011">
  <properties/>
  <testcase name="BaseTimeEntity_Enrollment" classname="com.jojoldu.book.springboot.domain.posts.PostsRepositoryTest" time="0.008"/>
  <testcase name="boardSave_load" classname="com.jojoldu.book.springboot.domain.posts.PostsRepositoryTest" time="0.003"/>
  <system-out><![CDATA[2022-04-11 21:09:46.511  INFO 2111 --- [    Test worker] .b.t.c.SpringBootTestContextBootstrapper : Neither @ContextConfiguration nor @ContextHierarchy found for test class [com.jojoldu.book.springboot.domain.posts.PostsRepositoryTest], using SpringBootContextLoader
2022-04-11 21:09:46.511  INFO 2111 --- [    Test worker] o.s.t.c.support.AbstractContextLoader    : Could not detect default resource locations for test class [com.jojoldu.book.springboot.domain.posts.PostsRepositoryTest]: no resource found for suffixes {-context.xml, Context.groovy}.
2022-04-11 21:09:46.511  INFO 2111 --- [    Test worker] t.c.s.AnnotationConfigContextLoaderUtils : Could not detect default configuration classes for test class [com.jojoldu.book.springboot.domain.posts.PostsRepositoryTest]: PostsRepositoryTest does not declare any static, non-private, non-final, nested classes annotated with @Configuration.
2022-04-11 21:09:46.514  INFO 2111 --- [    Test worker] .b.t.c.SpringBootTestContextBootstrapper : Found @SpringBootConfiguration com.jojoldu.book.springboot.Application for test class com.jojoldu.book.springboot.domain.posts.PostsRepositoryTest
2022-04-11 21:09:46.515  INFO 2111 --- [    Test worker] .b.t.c.SpringBootTestContextBootstrapper : Loaded default TestExecutionListener class names from location [META-INF/spring.factories]: [org.springframework.security.test.context.support.WithSecurityContextTestExecutionListener, org.springframework.security.test.context.support.ReactorContextTestExecutionListener, org.springframework.boot.test.autoconfigure.restdocs.RestDocsTestExecutionListener, org.springframework.boot.test.autoconfigure.web.client.MockRestServiceServerResetTestExecutionListener, org.springframework.boot.test.autoconfigure.web.servlet.MockMvcPrintOnlyOnFailureTestExecutionListener, org.springframework.boot.test.autoconfigure.web.servlet.WebDriverTestExecutionListener, org.springframework.boot.test.mock.mockito.MockitoTestExecutionListener, org.springframework.boot.test.mock.mockito.ResetMocksTestExecutionListener, org.springframework.test.context.web.ServletTestExecutionListener, org.springframework.test.context.support.DirtiesContextBeforeModesTestExecutionListener, org.springframework.test.context.support.DependencyInjectionTestExecutionListener, org.springframework.test.context.support.DirtiesContextTestExecutionListener, org.springframework.test.context.transaction.TransactionalTestExecutionListener, org.springframework.test.context.jdbc.SqlScriptsTestExecutionListener]
2022-04-11 21:09:46.515  INFO 2111 --- [    Test worker] .b.t.c.SpringBootTestContextBootstrapper : Using TestExecutionListeners: [org.springframework.test.context.web.ServletTestExecutionListener@28f85dc4, org.springframework.test.context.support.DirtiesContextBeforeModesTestExecutionListener@b583a66, org.springframework.boot.test.mock.mockito.MockitoTestExecutionListener@66953382, org.springframework.boot.test.autoconfigure.SpringBootDependencyInjectionTestExecutionListener@32f2ff9, org.springframework.test.context.support.DirtiesContextTestExecutionListener@69d35425, org.springframework.test.context.transaction.TransactionalTestExecutionListener@2312d873, org.springframework.test.context.jdbc.SqlScriptsTestExecutionListener@6c54f6b0, org.springframework.security.test.context.support.WithSecurityContextTestExecutionListener@16fe4c24, org.springframework.security.test.context.support.ReactorContextTestExecutionListener@657f50a2, org.springframework.boot.test.autoconfigure.restdocs.RestDocsTestExecutionListener@501bcd3e, org.springframework.boot.test.autoconfigure.web.client.MockRestServiceServerResetTestExecutionListener@1b3140fb, org.springframework.boot.test.autoconfigure.web.servlet.MockMvcPrintOnlyOnFailureTestExecutionListener@7fcab0d5, org.springframework.boot.test.autoconfigure.web.servlet.WebDriverTestExecutionListener@60af05ce, org.springframework.boot.test.mock.mockito.ResetMocksTestExecutionListener@6ed356d8]

  .   ____          _            __ _ _
 /\\ / ___'_ __ _ _(_)_ __  __ _ \ \ \ \
( ( )\___ | '_ | '_| | '_ \/ _` | \ \ \ \
 \\/  ___)| |_)| | | | | || (_| |  ) ) ) )
  '  |____| .__|_| |_|_| |_\__, | / / / /
 =========|_|==============|___/=/_/_/_/
 :: Spring Boot ::        (v2.1.7.RELEASE)

2022-04-11 21:09:46.527  INFO 2111 --- [    Test worker] c.j.b.s.d.posts.PostsRepositoryTest      : Starting PostsRepositoryTest on Unitedui-MacBookPro.local with PID 2111 (started by u.t.r in /Users/u.t.r/IdeaProjects/freelec-springboot2-webservice)
2022-04-11 21:09:46.527  INFO 2111 --- [    Test worker] c.j.b.s.d.posts.PostsRepositoryTest      : The following profiles are active: oauth
2022-04-11 21:09:46.593  INFO 2111 --- [    Test worker] .s.d.r.c.RepositoryConfigurationDelegate : Bootstrapping Spring Data repositories in DEFAULT mode.
2022-04-11 21:09:46.598  INFO 2111 --- [    Test worker] .s.d.r.c.RepositoryConfigurationDelegate : Finished Spring Data repository scanning in 5ms. Found 2 repository interfaces.
2022-04-11 21:09:46.632  INFO 2111 --- [    Test worker] trationDelegate$BeanPostProcessorChecker : Bean 'org.springframework.transaction.annotation.ProxyTransactionManagementConfiguration' of type [org.springframework.transaction.annotation.ProxyTransactionManagementConfiguration$$EnhancerBySpringCGLIB$$6c4b99cd] is not eligible for getting processed by all BeanPostProcessors (for example: not eligible for auto-proxying)
2022-04-11 21:09:46.659  INFO 2111 --- [    Test worker] com.zaxxer.hikari.HikariDataSource       : HikariPool-2 - Starting...
2022-04-11 21:09:46.659  INFO 2111 --- [    Test worker] com.zaxxer.hikari.HikariDataSource       : HikariPool-2 - Start completed.
2022-04-11 21:09:46.667  INFO 2111 --- [    Test worker] o.hibernate.jpa.internal.util.LogHelper  : HHH000204: Processing PersistenceUnitInfo [
	name: default
	...]
2022-04-11 21:09:46.670  INFO 2111 --- [    Test worker] org.hibernate.dialect.Dialect            : HHH000400: Using dialect: org.hibernate.dialect.MySQL5InnoDBDialect
Hibernate: drop table if exists posts
Hibernate: drop table if exists user
Hibernate: create table posts (id bigint not null auto_increment, create_date datetime, modified_date datetime, author varchar(255), content TEXT not null, title varchar(500) not null, primary key (id)) engine=InnoDB
Hibernate: create table user (id bigint not null auto_increment, create_date datetime, modified_date datetime, email varchar(255) not null, name varchar(255) not null, picture varchar(255), role varchar(255) not null, primary key (id)) engine=InnoDB
2022-04-11 21:09:46.692  INFO 2111 --- [    Test worker] o.h.t.schema.internal.SchemaCreatorImpl  : HHH000476: Executing import script 'org.hibernate.tool.schema.internal.exec.ScriptSourceInputNonExistentImpl@49a71971'
2022-04-11 21:09:46.692  INFO 2111 --- [    Test worker] j.LocalContainerEntityManagerFactoryBean : Initialized JPA EntityManagerFactory for persistence unit 'default'
2022-04-11 21:09:46.759  INFO 2111 --- [    Test worker] o.h.h.i.QueryTranslatorFactoryInitiator  : HHH000397: Using ASTQueryTranslatorFactory
2022-04-11 21:09:46.814  INFO 2111 --- [    Test worker] o.s.s.web.DefaultSecurityFilterChain     : Creating filter chain: any request, [org.springframework.security.web.context.request.async.WebAsyncManagerIntegrationFilter@7132a927, org.springframework.security.web.context.SecurityContextPersistenceFilter@6ced4780, org.springframework.security.web.header.HeaderWriterFilter@457dbdd6, org.springframework.security.web.authentication.logout.LogoutFilter@40c1cbe2, org.springframework.security.oauth2.client.web.OAuth2AuthorizationRequestRedirectFilter@1f55f4b2, org.springframework.security.oauth2.client.web.OAuth2LoginAuthenticationFilter@4f47f896, org.springframework.security.web.authentication.ui.DefaultLoginPageGeneratingFilter@469645f7, org.springframework.security.web.authentication.ui.DefaultLogoutPageGeneratingFilter@4584f66b, org.springframework.security.web.savedrequest.RequestCacheAwareFilter@35237328, org.springframework.security.web.servletapi.SecurityContextHolderAwareRequestFilter@1d18fb57, org.springframework.security.web.authentication.AnonymousAuthenticationFilter@75446a0d, org.springframework.security.web.session.SessionManagementFilter@4ed2b0eb, org.springframework.security.web.access.ExceptionTranslationFilter@46a3e68b, org.springframework.security.web.access.intercept.FilterSecurityInterceptor@6c5b0b29]
2022-04-11 21:09:46.920  INFO 2111 --- [    Test worker] o.s.s.concurrent.ThreadPoolTaskExecutor  : Initializing ExecutorService 'applicationTaskExecutor'
2022-04-11 21:09:46.925  WARN 2111 --- [    Test worker] aWebConfiguration$JpaWebMvcConfiguration : spring.jpa.open-in-view is enabled by default. Therefore, database queries may be performed during view rendering. Explicitly configure spring.jpa.open-in-view to disable this warning
2022-04-11 21:09:46.934  INFO 2111 --- [    Test worker] o.s.b.a.w.s.WelcomePageHandlerMapping    : Adding welcome page template: index
2022-04-11 21:09:47.046  INFO 2111 --- [    Test worker] s.a.ScheduledAnnotationBeanPostProcessor : No TaskScheduler/ScheduledExecutorService bean found for scheduled processing
2022-04-11 21:09:47.047  INFO 2111 --- [    Test worker] c.j.b.s.d.posts.PostsRepositoryTest      : Started PostsRepositoryTest in 0.531 seconds (JVM running for 4.674)
Hibernate: insert into posts (create_date, modified_date, author, content, title) values (?, ?, ?, ?, ?)
Hibernate: select posts0_.id as id1_0_, posts0_.create_date as create_d2_0_, posts0_.modified_date as modified3_0_, posts0_.author as author4_0_, posts0_.content as content5_0_, posts0_.title as title6_0_ from posts posts0_
>>>>>>>>> createDate = 2022-04-11T21:09:47.052   modifiedDate = 2022-04-11T21:09:47.052
Hibernate: select posts0_.id as id1_0_, posts0_.create_date as create_d2_0_, posts0_.modified_date as modified3_0_, posts0_.author as author4_0_, posts0_.content as content5_0_, posts0_.title as title6_0_ from posts posts0_
Hibernate: delete from posts where id=?
Hibernate: insert into posts (create_date, modified_date, author, content, title) values (?, ?, ?, ?, ?)
Hibernate: select posts0_.id as id1_0_, posts0_.create_date as create_d2_0_, posts0_.modified_date as modified3_0_, posts0_.author as author4_0_, posts0_.content as content5_0_, posts0_.title as title6_0_ from posts posts0_
Hibernate: select posts0_.id as id1_0_, posts0_.create_date as create_d2_0_, posts0_.modified_date as modified3_0_, posts0_.author as author4_0_, posts0_.content as content5_0_, posts0_.title as title6_0_ from posts posts0_
Hibernate: delete from posts where id=?
]]></system-out>
  <system-err><![CDATA[]]></system-err>
</testsuite>
